<?xml version="1.0" encoding="UTF-8"?>
<testsuite name="LibraryTest" tests="1" skipped="0" failures="0" errors="0" timestamp="2017-01-07T13:13:01" hostname="note" time="0.005">
  <properties/>
  <testcase name="testSomeLibraryMethod" classname="LibraryTest" time="0.005"/>
  <system-out><![CDATA[]]></system-out>
  <system-err><![CDATA[]]></system-err>
</testsuite>
